Analysis & Synthesis report for RV32IPipelined
Mon Mar 04 14:39:37 2024
Quartus Prime Version 20.1.1 Build 720 11/11/2020 SJ Lite Edition


---------------------
; Table of Contents ;
---------------------
  1. Legal Notice
  2. Analysis & Synthesis Summary
  3. Analysis & Synthesis Settings
  4. Parallel Compilation
  5. Analysis & Synthesis Source Files Read
  6. Analysis & Synthesis Resource Usage Summary
  7. Analysis & Synthesis Resource Utilization by Entity
  8. General Register Statistics
  9. Parameter Settings for User Entity Instance: RV32I:DUT|RV32I_ID:InstructionDecode|Control:RV32I_Control
 10. Port Connectivity Checks: "RV32I:DUT|RV32I_WB:Writeback"
 11. Port Connectivity Checks: "RV32I:DUT|RV32I_EX:Execute|Mux4:FWD2"
 12. Port Connectivity Checks: "RV32I:DUT|RV32I_EX:Execute|Mux4:FWD1"
 13. Post-Synthesis Netlist Statistics for Top Partition
 14. Elapsed Time Per Partition
 15. Analysis & Synthesis Messages



----------------
; Legal Notice ;
----------------
Copyright (C) 2020  Intel Corporation. All rights reserved.
Your use of Intel Corporation's design tools, logic functions 
and other software and tools, and any partner logic 
functions, and any output files from any of the foregoing 
(including device programming or simulation files), and any 
associated documentation or information are expressly subject 
to the terms and conditions of the Intel Program License 
Subscription Agreement, the Intel Quartus Prime License Agreement,
the Intel FPGA IP License Agreement, or other applicable license
agreement, including, without limitation, that your use is for
the sole purpose of programming logic devices manufactured by
Intel and sold by Intel or its authorized distributors.  Please
refer to the applicable agreement for further details, at
https://fpgasoftware.intel.com/eula.



+-------------------------------------------------------------------------------+
; Analysis & Synthesis Summary                                                  ;
+---------------------------------+---------------------------------------------+
; Analysis & Synthesis Status     ; Successful - Mon Mar 04 14:39:37 2024       ;
; Quartus Prime Version           ; 20.1.1 Build 720 11/11/2020 SJ Lite Edition ;
; Revision Name                   ; RV32IPipelined                              ;
; Top-level Entity Name           ; RV32IPipelined                              ;
; Family                          ; Cyclone V                                   ;
; Logic utilization (in ALMs)     ; N/A                                         ;
; Total registers                 ; 0                                           ;
; Total pins                      ; 1                                           ;
; Total virtual pins              ; 0                                           ;
; Total block memory bits         ; 0                                           ;
; Total DSP Blocks                ; 0                                           ;
; Total HSSI RX PCSs              ; 0                                           ;
; Total HSSI PMA RX Deserializers ; 0                                           ;
; Total HSSI TX PCSs              ; 0                                           ;
; Total HSSI PMA TX Serializers   ; 0                                           ;
; Total PLLs                      ; 0                                           ;
; Total DLLs                      ; 0                                           ;
+---------------------------------+---------------------------------------------+


+---------------------------------------------------------------------------------------------------------------------------+
; Analysis & Synthesis Settings                                                                                             ;
+---------------------------------------------------------------------------------+--------------------+--------------------+
; Option                                                                          ; Setting            ; Default Value      ;
+---------------------------------------------------------------------------------+--------------------+--------------------+
; Device                                                                          ; 5CGXFC7C7F23C8     ;                    ;
; Top-level entity name                                                           ; RV32IPipelined     ; RV32IPipelined     ;
; Family name                                                                     ; Cyclone V          ; Cyclone V          ;
; Use smart compilation                                                           ; Off                ; Off                ;
; Enable parallel Assembler and Timing Analyzer during compilation                ; On                 ; On                 ;
; Enable compact report table                                                     ; Off                ; Off                ;
; Restructure Multiplexers                                                        ; Auto               ; Auto               ;
; MLAB Add Timing Constraints For Mixed-Port Feed-Through Mode Setting Don't Care ; Off                ; Off                ;
; Create Debugging Nodes for IP Cores                                             ; Off                ; Off                ;
; Preserve fewer node names                                                       ; On                 ; On                 ;
; Intel FPGA IP Evaluation Mode                                                   ; Enable             ; Enable             ;
; Verilog Version                                                                 ; Verilog_2001       ; Verilog_2001       ;
; VHDL Version                                                                    ; VHDL_1993          ; VHDL_1993          ;
; State Machine Processing                                                        ; Auto               ; Auto               ;
; Safe State Machine                                                              ; Off                ; Off                ;
; Extract Verilog State Machines                                                  ; On                 ; On                 ;
; Extract VHDL State Machines                                                     ; On                 ; On                 ;
; Ignore Verilog initial constructs                                               ; Off                ; Off                ;
; Iteration limit for constant Verilog loops                                      ; 5000               ; 5000               ;
; Iteration limit for non-constant Verilog loops                                  ; 250                ; 250                ;
; Add Pass-Through Logic to Inferred RAMs                                         ; On                 ; On                 ;
; Infer RAMs from Raw Logic                                                       ; On                 ; On                 ;
; Parallel Synthesis                                                              ; On                 ; On                 ;
; DSP Block Balancing                                                             ; Auto               ; Auto               ;
; NOT Gate Push-Back                                                              ; On                 ; On                 ;
; Power-Up Don't Care                                                             ; On                 ; On                 ;
; Remove Redundant Logic Cells                                                    ; Off                ; Off                ;
; Remove Duplicate Registers                                                      ; On                 ; On                 ;
; Ignore CARRY Buffers                                                            ; Off                ; Off                ;
; Ignore CASCADE Buffers                                                          ; Off                ; Off                ;
; Ignore GLOBAL Buffers                                                           ; Off                ; Off                ;
; Ignore ROW GLOBAL Buffers                                                       ; Off                ; Off                ;
; Ignore LCELL Buffers                                                            ; Off                ; Off                ;
; Ignore SOFT Buffers                                                             ; On                 ; On                 ;
; Limit AHDL Integers to 32 Bits                                                  ; Off                ; Off                ;
; Optimization Technique                                                          ; Balanced           ; Balanced           ;
; Carry Chain Length                                                              ; 70                 ; 70                 ;
; Auto Carry Chains                                                               ; On                 ; On                 ;
; Auto Open-Drain Pins                                                            ; On                 ; On                 ;
; Perform WYSIWYG Primitive Resynthesis                                           ; Off                ; Off                ;
; Auto ROM Replacement                                                            ; On                 ; On                 ;
; Auto RAM Replacement                                                            ; On                 ; On                 ;
; Auto DSP Block Replacement                                                      ; On                 ; On                 ;
; Auto Shift Register Replacement                                                 ; Auto               ; Auto               ;
; Allow Shift Register Merging across Hierarchies                                 ; Auto               ; Auto               ;
; Auto Clock Enable Replacement                                                   ; On                 ; On                 ;
; Strict RAM Replacement                                                          ; Off                ; Off                ;
; Allow Synchronous Control Signals                                               ; On                 ; On                 ;
; Force Use of Synchronous Clear Signals                                          ; Off                ; Off                ;
; Auto Resource Sharing                                                           ; Off                ; Off                ;
; Allow Any RAM Size For Recognition                                              ; Off                ; Off                ;
; Allow Any ROM Size For Recognition                                              ; Off                ; Off                ;
; Allow Any Shift Register Size For Recognition                                   ; Off                ; Off                ;
; Use LogicLock Constraints during Resource Balancing                             ; On                 ; On                 ;
; Ignore translate_off and synthesis_off directives                               ; Off                ; Off                ;
; Timing-Driven Synthesis                                                         ; On                 ; On                 ;
; Report Parameter Settings                                                       ; On                 ; On                 ;
; Report Source Assignments                                                       ; On                 ; On                 ;
; Report Connectivity Checks                                                      ; On                 ; On                 ;
; Ignore Maximum Fan-Out Assignments                                              ; Off                ; Off                ;
; Synchronization Register Chain Length                                           ; 3                  ; 3                  ;
; Power Optimization During Synthesis                                             ; Normal compilation ; Normal compilation ;
; HDL message level                                                               ; Level2             ; Level2             ;
; Suppress Register Optimization Related Messages                                 ; Off                ; Off                ;
; Number of Removed Registers Reported in Synthesis Report                        ; 5000               ; 5000               ;
; Number of Swept Nodes Reported in Synthesis Report                              ; 5000               ; 5000               ;
; Number of Inverted Registers Reported in Synthesis Report                       ; 100                ; 100                ;
; Clock MUX Protection                                                            ; On                 ; On                 ;
; Auto Gated Clock Conversion                                                     ; Off                ; Off                ;
; Block Design Naming                                                             ; Auto               ; Auto               ;
; SDC constraint protection                                                       ; Off                ; Off                ;
; Synthesis Effort                                                                ; Auto               ; Auto               ;
; Shift Register Replacement - Allow Asynchronous Clear Signal                    ; On                 ; On                 ;
; Pre-Mapping Resynthesis Optimization                                            ; Off                ; Off                ;
; Analysis & Synthesis Message Level                                              ; Medium             ; Medium             ;
; Disable Register Merging Across Hierarchies                                     ; Auto               ; Auto               ;
; Resource Aware Inference For Block RAM                                          ; On                 ; On                 ;
; Automatic Parallel Synthesis                                                    ; On                 ; On                 ;
; Partial Reconfiguration Bitstream ID                                            ; Off                ; Off                ;
+---------------------------------------------------------------------------------+--------------------+--------------------+


+------------------------------------------+
; Parallel Compilation                     ;
+----------------------------+-------------+
; Processors                 ; Number      ;
+----------------------------+-------------+
; Number detected on machine ; 20          ;
; Maximum allowed            ; 14          ;
;                            ;             ;
; Average used               ; 1.00        ;
; Maximum used               ; 1           ;
;                            ;             ;
; Usage by Processor         ; % Time Used ;
;     Processor 1            ; 100.0%      ;
+----------------------------+-------------+


+---------------------------------------------------------------------------------------------------------------------------------------------------------+
; Analysis & Synthesis Source Files Read                                                                                                                  ;
+----------------------------------+-----------------+------------------------+-----------------------------------------------------------------+---------+
; File Name with User-Entered Path ; Used in Netlist ; File Type              ; File Name with Absolute Path                                    ; Library ;
+----------------------------------+-----------------+------------------------+-----------------------------------------------------------------+---------+
; RV32I.v                          ; yes             ; User Verilog HDL File  ; C:/Users/wyatt/Desktop/RISCV/RV32IPipelined/RV32I.v             ;         ;
; Registers.v                      ; yes             ; User Verilog HDL File  ; C:/Users/wyatt/Desktop/RISCV/RV32IPipelined/Registers.v         ;         ;
; Mux2.v                           ; yes             ; User Verilog HDL File  ; C:/Users/wyatt/Desktop/RISCV/RV32IPipelined/Mux2.v              ;         ;
; InstructionMemory.v              ; yes             ; User Verilog HDL File  ; C:/Users/wyatt/Desktop/RISCV/RV32IPipelined/InstructionMemory.v ;         ;
; ImmGen.v                         ; yes             ; User Verilog HDL File  ; C:/Users/wyatt/Desktop/RISCV/RV32IPipelined/ImmGen.v            ;         ;
; DataMemory.v                     ; yes             ; User Verilog HDL File  ; C:/Users/wyatt/Desktop/RISCV/RV32IPipelined/DataMemory.v        ;         ;
; Control.v                        ; yes             ; User Verilog HDL File  ; C:/Users/wyatt/Desktop/RISCV/RV32IPipelined/Control.v           ;         ;
; BranchLogic.v                    ; yes             ; User Verilog HDL File  ; C:/Users/wyatt/Desktop/RISCV/RV32IPipelined/BranchLogic.v       ;         ;
; ALU2.v                           ; yes             ; User Verilog HDL File  ; C:/Users/wyatt/Desktop/RISCV/RV32IPipelined/ALU2.v              ;         ;
; RV32I_IF.v                       ; yes             ; User Verilog HDL File  ; C:/Users/wyatt/Desktop/RISCV/RV32IPipelined/RV32I_IF.v          ;         ;
; RV32I_EX.v                       ; yes             ; User Verilog HDL File  ; C:/Users/wyatt/Desktop/RISCV/RV32IPipelined/RV32I_EX.v          ;         ;
; RV32I_MEM.v                      ; yes             ; User Verilog HDL File  ; C:/Users/wyatt/Desktop/RISCV/RV32IPipelined/RV32I_MEM.v         ;         ;
; RV32I_WB.v                       ; yes             ; User Verilog HDL File  ; C:/Users/wyatt/Desktop/RISCV/RV32IPipelined/RV32I_WB.v          ;         ;
; RV32I_ID.v                       ; yes             ; User Verilog HDL File  ; C:/Users/wyatt/Desktop/RISCV/RV32IPipelined/RV32I_ID.v          ;         ;
; RV32IPipelined.v                 ; yes             ; User Verilog HDL File  ; C:/Users/wyatt/Desktop/RISCV/RV32IPipelined/RV32IPipelined.v    ;         ;
; Forwarder.v                      ; yes             ; User Verilog HDL File  ; C:/Users/wyatt/Desktop/RISCV/RV32IPipelined/Forwarder.v         ;         ;
; Mux4.v                           ; yes             ; User Verilog HDL File  ; C:/Users/wyatt/Desktop/RISCV/RV32IPipelined/Mux4.v              ;         ;
+----------------------------------+-----------------+------------------------+-----------------------------------------------------------------+---------+


+----------------------------------------------------------+
; Analysis & Synthesis Resource Usage Summary              ;
+---------------------------------------------+------------+
; Resource                                    ; Usage      ;
+---------------------------------------------+------------+
; Estimate of Logic utilization (ALMs needed) ; 0          ;
;                                             ;            ;
; Combinational ALUT usage for logic          ; 0          ;
;     -- 7 input functions                    ; 0          ;
;     -- 6 input functions                    ; 0          ;
;     -- 5 input functions                    ; 0          ;
;     -- 4 input functions                    ; 0          ;
;     -- <=3 input functions                  ; 0          ;
;                                             ;            ;
; Dedicated logic registers                   ; 0          ;
;                                             ;            ;
; I/O pins                                    ; 1          ;
;                                             ;            ;
; Total DSP Blocks                            ; 0          ;
;                                             ;            ;
; Maximum fan-out node                        ; err~output ;
; Maximum fan-out                             ; 1          ;
; Total fan-out                               ; 1          ;
; Average fan-out                             ; 0.50       ;
+---------------------------------------------+------------+


+-------------------------------------------------------------------------------------------------------------------------------------------------------------------------------------------+
; Analysis & Synthesis Resource Utilization by Entity                                                                                                                                       ;
+----------------------------+---------------------+---------------------------+-------------------+------------+------+--------------+---------------------+----------------+--------------+
; Compilation Hierarchy Node ; Combinational ALUTs ; Dedicated Logic Registers ; Block Memory Bits ; DSP Blocks ; Pins ; Virtual Pins ; Full Hierarchy Name ; Entity Name    ; Library Name ;
+----------------------------+---------------------+---------------------------+-------------------+------------+------+--------------+---------------------+----------------+--------------+
; |RV32IPipelined            ; 0 (0)               ; 0 (0)                     ; 0                 ; 0          ; 1    ; 0            ; |RV32IPipelined     ; RV32IPipelined ; work         ;
+----------------------------+---------------------+---------------------------+-------------------+------------+------+--------------+---------------------+----------------+--------------+
Note: For table entries with two numbers listed, the numbers in parentheses indicate the number of resources of the given type used by the specific entity alone. The numbers listed outside of parentheses indicate the total resources of the given type used by the specific entity and all of its sub-entities in the hierarchy.


+------------------------------------------------------+
; General Register Statistics                          ;
+----------------------------------------------+-------+
; Statistic                                    ; Value ;
+----------------------------------------------+-------+
; Total registers                              ; 0     ;
; Number of registers using Synchronous Clear  ; 0     ;
; Number of registers using Synchronous Load   ; 0     ;
; Number of registers using Asynchronous Clear ; 0     ;
; Number of registers using Asynchronous Load  ; 0     ;
; Number of registers using Clock Enable       ; 0     ;
; Number of registers using Preset             ; 0     ;
+----------------------------------------------+-------+


+---------------------------------------------------------------------------------------------------------+
; Parameter Settings for User Entity Instance: RV32I:DUT|RV32I_ID:InstructionDecode|Control:RV32I_Control ;
+----------------+-------------------+--------------------------------------------------------------------+
; Parameter Name ; Value             ; Type                                                               ;
+----------------+-------------------+--------------------------------------------------------------------+
; OP_ADD         ; 01100110000000000 ; Unsigned Binary                                                    ;
; OP_SUB         ; 01100110000100000 ; Unsigned Binary                                                    ;
; OP_XOR         ; 01100111000000000 ; Unsigned Binary                                                    ;
; OP_OR          ; 01100111100000000 ; Unsigned Binary                                                    ;
; OP_AND         ; 01100111110000000 ; Unsigned Binary                                                    ;
; OP_SLL         ; 01100110010000000 ; Unsigned Binary                                                    ;
; OP_SRL         ; 01100111010000000 ; Unsigned Binary                                                    ;
; OP_SRA         ; 01100111010100000 ; Unsigned Binary                                                    ;
; OP_SLT         ; 01100110100000000 ; Unsigned Binary                                                    ;
; OP_SLTU        ; 01100110000000000 ; Unsigned Binary                                                    ;
; OP_ADDI        ; 0010011000XXXXXXX ; Unsigned Binary                                                    ;
; OP_XORI        ; 0010011100XXXXXXX ; Unsigned Binary                                                    ;
; OP_ORI         ; 0010011110XXXXXXX ; Unsigned Binary                                                    ;
; OP_ANDI        ; 0010011111XXXXXXX ; Unsigned Binary                                                    ;
; OP_SLLI        ; 00100110010000000 ; Unsigned Binary                                                    ;
; OP_SRLI        ; 00100111010000000 ; Unsigned Binary                                                    ;
; OP_SRAI        ; 00100111010100000 ; Unsigned Binary                                                    ;
; OP_SLTI        ; 0010011010XXXXXXX ; Unsigned Binary                                                    ;
; OP_SLTIU       ; 0010011011XXXXXXX ; Unsigned Binary                                                    ;
; OP_LB          ; 0000011000XXXXXXX ; Unsigned Binary                                                    ;
; OP_LH          ; 0000011001XXXXXXX ; Unsigned Binary                                                    ;
; OP_LW          ; 0000011010XXXXXXX ; Unsigned Binary                                                    ;
; OP_LBU         ; 0000011100XXXXXXX ; Unsigned Binary                                                    ;
; OP_LHU         ; 0000011101XXXXXXX ; Unsigned Binary                                                    ;
; OP_SB          ; 0100011000XXXXXXX ; Unsigned Binary                                                    ;
; OP_SH          ; 0100011001XXXXXXX ; Unsigned Binary                                                    ;
; OP_SW          ; 0100011010XXXXXXX ; Unsigned Binary                                                    ;
; OP_BEQ         ; 1100011000XXXXXXX ; Unsigned Binary                                                    ;
; OP_BNE         ; 1100011001XXXXXXX ; Unsigned Binary                                                    ;
; OP_BLT         ; 1100011100XXXXXXX ; Unsigned Binary                                                    ;
; OP_BGE         ; 1100011101XXXXXXX ; Unsigned Binary                                                    ;
; OP_BLTU        ; 1100011110XXXXXXX ; Unsigned Binary                                                    ;
; OP_BGEU        ; 1000011111XXXXXXX ; Unsigned Binary                                                    ;
; OP_JAL         ; 1101111XXXXXXXXXX ; Unsigned Binary                                                    ;
; OP_JALR        ; 1100111000XXXXXXX ; Unsigned Binary                                                    ;
; OP_LUI         ; 0110111XXXXXXXXXX ; Unsigned Binary                                                    ;
; OP_AUIPC       ; 0010111XXXXXXXXXX ; Unsigned Binary                                                    ;
+----------------+-------------------+--------------------------------------------------------------------+
Note: In order to hide this table in the UI and the text report file, please set the "Show Parameter Settings in Synthesis Report" option in "Analysis and Synthesis Settings -> More Settings" to "Off".


+----------------------------------------------------------------------------------------------------------------------------+
; Port Connectivity Checks: "RV32I:DUT|RV32I_WB:Writeback"                                                                   ;
+------------------+--------+----------+-------------------------------------------------------------------------------------+
; Port             ; Type   ; Severity ; Details                                                                             ;
+------------------+--------+----------+-------------------------------------------------------------------------------------+
; INST_OUT[31..12] ; Output ; Info     ; Connected to dangling logic. Logic that only feeds a dangling port will be removed. ;
; INST_OUT[6..0]   ; Output ; Info     ; Connected to dangling logic. Logic that only feeds a dangling port will be removed. ;
+------------------+--------+----------+-------------------------------------------------------------------------------------+


+------------------------------------------------------------------+
; Port Connectivity Checks: "RV32I:DUT|RV32I_EX:Execute|Mux4:FWD2" ;
+------+-------+----------+----------------------------------------+
; Port ; Type  ; Severity ; Details                                ;
+------+-------+----------+----------------------------------------+
; D    ; Input ; Info     ; Stuck at GND                           ;
+------+-------+----------+----------------------------------------+


+------------------------------------------------------------------+
; Port Connectivity Checks: "RV32I:DUT|RV32I_EX:Execute|Mux4:FWD1" ;
+------+-------+----------+----------------------------------------+
; Port ; Type  ; Severity ; Details                                ;
+------+-------+----------+----------------------------------------+
; D    ; Input ; Info     ; Stuck at GND                           ;
+------+-------+----------+----------------------------------------+


+-----------------------------------------------------+
; Post-Synthesis Netlist Statistics for Top Partition ;
+-----------------------+-----------------------------+
; Type                  ; Count                       ;
+-----------------------+-----------------------------+
; arriav_lcell_comb     ; 1                           ;
;     normal            ; 1                           ;
;         0 data inputs ; 1                           ;
; boundary_port         ; 1                           ;
;                       ;                             ;
; Max LUT depth         ; 0.00                        ;
; Average LUT depth     ; 0.00                        ;
+-----------------------+-----------------------------+


+-------------------------------+
; Elapsed Time Per Partition    ;
+----------------+--------------+
; Partition Name ; Elapsed Time ;
+----------------+--------------+
; Top            ; 00:00:00     ;
+----------------+--------------+


+-------------------------------+
; Analysis & Synthesis Messages ;
+-------------------------------+
Info: *******************************************************************
Info: Running Quartus Prime Analysis & Synthesis
    Info: Version 20.1.1 Build 720 11/11/2020 SJ Lite Edition
    Info: Processing started: Mon Mar 04 14:39:22 2024
Info: Command: quartus_map --read_settings_files=on --write_settings_files=off RV32IPipelined -c RV32IPipelined
Warning (18236): Number of processors has not been specified which may cause overloading on shared machines.  Set the global assignment NUM_PARALLEL_PROCESSORS in your QSF to an appropriate value for best performance.
Info (20030): Parallel compilation is enabled and will use 14 of the 14 processors detected
Info (12021): Found 1 design units, including 1 entities, in source file testbench.v
    Info (12023): Found entity 1: testbench File: C:/Users/wyatt/Desktop/RISCV/RV32IPipelined/testbench.v Line: 1
Info (12021): Found 1 design units, including 1 entities, in source file rv32i.v
    Info (12023): Found entity 1: RV32I File: C:/Users/wyatt/Desktop/RISCV/RV32IPipelined/RV32I.v Line: 1
Info (12021): Found 1 design units, including 1 entities, in source file registers.v
    Info (12023): Found entity 1: Registers File: C:/Users/wyatt/Desktop/RISCV/RV32IPipelined/Registers.v Line: 1
Info (12021): Found 1 design units, including 1 entities, in source file mux2.v
    Info (12023): Found entity 1: Mux2 File: C:/Users/wyatt/Desktop/RISCV/RV32IPipelined/Mux2.v Line: 1
Info (12021): Found 1 design units, including 1 entities, in source file instructionmemory.v
    Info (12023): Found entity 1: InstructionMemory File: C:/Users/wyatt/Desktop/RISCV/RV32IPipelined/InstructionMemory.v Line: 1
Info (12021): Found 1 design units, including 1 entities, in source file immgen.v
    Info (12023): Found entity 1: ImmGen File: C:/Users/wyatt/Desktop/RISCV/RV32IPipelined/ImmGen.v Line: 1
Info (12021): Found 1 design units, including 1 entities, in source file datamemory.v
    Info (12023): Found entity 1: DataMemory File: C:/Users/wyatt/Desktop/RISCV/RV32IPipelined/DataMemory.v Line: 1
Info (12021): Found 1 design units, including 1 entities, in source file control.v
    Info (12023): Found entity 1: Control File: C:/Users/wyatt/Desktop/RISCV/RV32IPipelined/Control.v Line: 1
Info (12021): Found 1 design units, including 1 entities, in source file branchlogic.v
    Info (12023): Found entity 1: BranchLogic File: C:/Users/wyatt/Desktop/RISCV/RV32IPipelined/BranchLogic.v Line: 1
Info (12021): Found 1 design units, including 1 entities, in source file alu2.v
    Info (12023): Found entity 1: ALU2 File: C:/Users/wyatt/Desktop/RISCV/RV32IPipelined/ALU2.v Line: 1
Info (12021): Found 1 design units, including 1 entities, in source file rv32i_if.v
    Info (12023): Found entity 1: RV32I_IF File: C:/Users/wyatt/Desktop/RISCV/RV32IPipelined/RV32I_IF.v Line: 1
Info (12021): Found 1 design units, including 1 entities, in source file rv32i_ex.v
    Info (12023): Found entity 1: RV32I_EX File: C:/Users/wyatt/Desktop/RISCV/RV32IPipelined/RV32I_EX.v Line: 1
Info (12021): Found 1 design units, including 1 entities, in source file rv32i_mem.v
    Info (12023): Found entity 1: RV32I_MEM File: C:/Users/wyatt/Desktop/RISCV/RV32IPipelined/RV32I_MEM.v Line: 1
Info (12021): Found 1 design units, including 1 entities, in source file rv32i_wb.v
    Info (12023): Found entity 1: RV32I_WB File: C:/Users/wyatt/Desktop/RISCV/RV32IPipelined/RV32I_WB.v Line: 1
Info (12021): Found 1 design units, including 1 entities, in source file rv32i_id.v
    Info (12023): Found entity 1: RV32I_ID File: C:/Users/wyatt/Desktop/RISCV/RV32IPipelined/RV32I_ID.v Line: 1
Info (12021): Found 1 design units, including 1 entities, in source file rv32ipipelined.v
    Info (12023): Found entity 1: RV32IPipelined File: C:/Users/wyatt/Desktop/RISCV/RV32IPipelined/RV32IPipelined.v Line: 1
Info (12021): Found 1 design units, including 1 entities, in source file forwarder.v
    Info (12023): Found entity 1: Forwarder File: C:/Users/wyatt/Desktop/RISCV/RV32IPipelined/Forwarder.v Line: 1
Info (12021): Found 1 design units, including 1 entities, in source file mux4.v
    Info (12023): Found entity 1: Mux4 File: C:/Users/wyatt/Desktop/RISCV/RV32IPipelined/Mux4.v Line: 1
Info (12021): Found 1 design units, including 1 entities, in source file branchpredict.v
    Info (12023): Found entity 1: BranchPredict File: C:/Users/wyatt/Desktop/RISCV/RV32IPipelined/BranchPredict.v Line: 1
Info (12127): Elaborating entity "RV32IPipelined" for the top level hierarchy
Warning (10755): Verilog HDL warning at RV32IPipelined.v(3): assignments to clk create a combinational loop File: C:/Users/wyatt/Desktop/RISCV/RV32IPipelined/RV32IPipelined.v Line: 3
Warning (10034): Output port "err" at RV32IPipelined.v(1) has no driver File: C:/Users/wyatt/Desktop/RISCV/RV32IPipelined/RV32IPipelined.v Line: 1
Info (12128): Elaborating entity "RV32I" for hierarchy "RV32I:DUT" File: C:/Users/wyatt/Desktop/RISCV/RV32IPipelined/RV32IPipelined.v Line: 5
Info (12128): Elaborating entity "RV32I_IF" for hierarchy "RV32I:DUT|RV32I_IF:InstructionFetch" File: C:/Users/wyatt/Desktop/RISCV/RV32IPipelined/RV32I.v Line: 79
Info (12128): Elaborating entity "InstructionMemory" for hierarchy "RV32I:DUT|RV32I_IF:InstructionFetch|InstructionMemory:RV32I_InstructionMemory" File: C:/Users/wyatt/Desktop/RISCV/RV32IPipelined/RV32I_IF.v Line: 4
Warning (10030): Net "rom.data_a" at InstructionMemory.v(2) has no driver or initial value, using a default initial value '0' File: C:/Users/wyatt/Desktop/RISCV/RV32IPipelined/InstructionMemory.v Line: 2
Warning (10030): Net "rom.waddr_a" at InstructionMemory.v(2) has no driver or initial value, using a default initial value '0' File: C:/Users/wyatt/Desktop/RISCV/RV32IPipelined/InstructionMemory.v Line: 2
Warning (10030): Net "rom.we_a" at InstructionMemory.v(2) has no driver or initial value, using a default initial value '0' File: C:/Users/wyatt/Desktop/RISCV/RV32IPipelined/InstructionMemory.v Line: 2
Info (12128): Elaborating entity "Mux2" for hierarchy "RV32I:DUT|RV32I_IF:InstructionFetch|Mux2:PCMUX" File: C:/Users/wyatt/Desktop/RISCV/RV32IPipelined/RV32I_IF.v Line: 5
Info (12128): Elaborating entity "RV32I_ID" for hierarchy "RV32I:DUT|RV32I_ID:InstructionDecode" File: C:/Users/wyatt/Desktop/RISCV/RV32IPipelined/RV32I.v Line: 94
Info (12128): Elaborating entity "Registers" for hierarchy "RV32I:DUT|RV32I_ID:InstructionDecode|Registers:RV32I_Registers" File: C:/Users/wyatt/Desktop/RISCV/RV32IPipelined/RV32I_ID.v Line: 22
Info (12128): Elaborating entity "ImmGen" for hierarchy "RV32I:DUT|RV32I_ID:InstructionDecode|ImmGen:RV32I_ImmGen" File: C:/Users/wyatt/Desktop/RISCV/RV32IPipelined/RV32I_ID.v Line: 24
Info (12128): Elaborating entity "Control" for hierarchy "RV32I:DUT|RV32I_ID:InstructionDecode|Control:RV32I_Control" File: C:/Users/wyatt/Desktop/RISCV/RV32IPipelined/RV32I_ID.v Line: 37
Warning (10036): Verilog HDL or VHDL warning at Control.v(43): object "unsupported" assigned a value but never read File: C:/Users/wyatt/Desktop/RISCV/RV32IPipelined/Control.v Line: 43
Info (12128): Elaborating entity "RV32I_EX" for hierarchy "RV32I:DUT|RV32I_EX:Execute" File: C:/Users/wyatt/Desktop/RISCV/RV32IPipelined/RV32I.v Line: 116
Info (12128): Elaborating entity "Mux4" for hierarchy "RV32I:DUT|RV32I_EX:Execute|Mux4:FWD1" File: C:/Users/wyatt/Desktop/RISCV/RV32IPipelined/RV32I_EX.v Line: 7
Info (12128): Elaborating entity "ALU2" for hierarchy "RV32I:DUT|RV32I_EX:Execute|ALU2:RV32I_ALU" File: C:/Users/wyatt/Desktop/RISCV/RV32IPipelined/RV32I_EX.v Line: 9
Info (12128): Elaborating entity "RV32I_MEM" for hierarchy "RV32I:DUT|RV32I_MEM:Memory" File: C:/Users/wyatt/Desktop/RISCV/RV32IPipelined/RV32I.v Line: 131
Info (12128): Elaborating entity "DataMemory" for hierarchy "RV32I:DUT|RV32I_MEM:Memory|DataMemory:RV32I_DataMemory" File: C:/Users/wyatt/Desktop/RISCV/RV32IPipelined/RV32I_MEM.v Line: 9
Info (12128): Elaborating entity "BranchLogic" for hierarchy "RV32I:DUT|RV32I_MEM:Memory|BranchLogic:RV32I_BranchLogic" File: C:/Users/wyatt/Desktop/RISCV/RV32IPipelined/RV32I_MEM.v Line: 14
Warning (10240): Verilog HDL Always Construct warning at BranchLogic.v(3): inferring latch(es) for variable "choice", which holds its previous value in one or more paths through the always construct File: C:/Users/wyatt/Desktop/RISCV/RV32IPipelined/BranchLogic.v Line: 3
Info (10041): Inferred latch for "choice" at BranchLogic.v(3) File: C:/Users/wyatt/Desktop/RISCV/RV32IPipelined/BranchLogic.v Line: 3
Info (12128): Elaborating entity "RV32I_WB" for hierarchy "RV32I:DUT|RV32I_WB:Writeback" File: C:/Users/wyatt/Desktop/RISCV/RV32IPipelined/RV32I.v Line: 140
Info (12128): Elaborating entity "Forwarder" for hierarchy "RV32I:DUT|Forwarder:RV32I_FWD" File: C:/Users/wyatt/Desktop/RISCV/RV32IPipelined/RV32I.v Line: 148
Warning (10036): Verilog HDL or VHDL warning at Forwarder.v(3): object "ID_EX_RD" assigned a value but never read File: C:/Users/wyatt/Desktop/RISCV/RV32IPipelined/Forwarder.v Line: 3
Warning (10036): Verilog HDL or VHDL warning at Forwarder.v(11): object "EX_MEM_RS1" assigned a value but never read File: C:/Users/wyatt/Desktop/RISCV/RV32IPipelined/Forwarder.v Line: 11
Warning (10036): Verilog HDL or VHDL warning at Forwarder.v(12): object "EX_MEM_RS2" assigned a value but never read File: C:/Users/wyatt/Desktop/RISCV/RV32IPipelined/Forwarder.v Line: 12
Warning (10036): Verilog HDL or VHDL warning at Forwarder.v(18): object "MEM_WB_RS1" assigned a value but never read File: C:/Users/wyatt/Desktop/RISCV/RV32IPipelined/Forwarder.v Line: 18
Warning (10036): Verilog HDL or VHDL warning at Forwarder.v(19): object "MEM_WB_RS2" assigned a value but never read File: C:/Users/wyatt/Desktop/RISCV/RV32IPipelined/Forwarder.v Line: 19
Warning (13024): Output pins are stuck at VCC or GND
    Warning (13410): Pin "err" is stuck at GND File: C:/Users/wyatt/Desktop/RISCV/RV32IPipelined/RV32IPipelined.v Line: 1
Info (16010): Generating hard_block partition "hard_block:auto_generated_inst"
    Info (16011): Adding 0 node(s), including 0 DDIO, 0 PLL, 0 transceiver and 0 LCELL
Info (21057): Implemented 1 device resources after synthesis - the final resource count might be different
    Info (21058): Implemented 0 input pins
    Info (21059): Implemented 1 output pins
Info: Quartus Prime Analysis & Synthesis was successful. 0 errors, 15 warnings
    Info: Peak virtual memory: 4807 megabytes
    Info: Processing ended: Mon Mar 04 14:39:37 2024
    Info: Elapsed time: 00:00:15
    Info: Total CPU time (on all processors): 00:00:06


